<?xml version="1.0" encoding="UTF-8"?>
<!-- Generated by org.testng.reporters.JUnitReportReporter -->
<testsuite hostname="Bhairavi" failures="0" tests="1" name="com.shopping.FashionModule.AddFashionProductToCart" time="4.618" errors="0" timestamp="12 Jul 2024 13:02:53 GMT" skipped="0">
  <testcase classname="com.shopping.FashionModule.AddFashionProductToCart" name="addFashionProductToCartTest" time="4.618"/>
</testsuite> <!-- com.shopping.FashionModule.AddFashionProductToCart -->
