<?xml version="1.0" encoding="UTF-8"?>
<!-- Generated by org.testng.reporters.JUnitReportReporter -->
<testsuite hostname="Bhairavi" failures="0" tests="1" name="com.comcast.crm.ToysModule.AddToysProductTocart" time="13.184" errors="0" timestamp="10 Jul 2024 15:31:21 GMT" skipped="0">
  <testcase classname="com.comcast.crm.ToysModule.AddToysProductTocart" name="addToysProductToCart" time="13.184"/>
</testsuite> <!-- com.comcast.crm.ToysModule.AddToysProductTocart -->
