<?xml version="1.0" encoding="UTF-8"?>
<!-- Generated by org.testng.reporters.JUnitReportReporter -->
<testsuite hostname="Bhairavi" failures="0" tests="1" name="com.shopping.TrackFunctionality.TrackOrderDate" time="4.343" errors="0" timestamp="12 Jul 2024 12:09:59 GMT" skipped="0">
  <testcase classname="com.shopping.TrackFunctionality.TrackOrderDate" name="trackOrederDateTest" time="4.343"/>
</testsuite> <!-- com.shopping.TrackFunctionality.TrackOrderDate -->
