<?xml version="1.0" encoding="UTF-8"?>
<!-- Generated by org.testng.reporters.JUnitReportReporter -->
<testsuite hostname="Bhairavi" failures="0" tests="1" name="com.shopping.ToysModule.OrderCarProductWithCod" time="4.021" errors="0" timestamp="12 Jul 2024 13:02:53 GMT" skipped="0">
  <testcase classname="com.shopping.ToysModule.OrderCarProductWithCod" name="orderCarProductWithCod" time="4.021"/>
</testsuite> <!-- com.shopping.ToysModule.OrderCarProductWithCod -->
