<?xml version="1.0" encoding="UTF-8"?>
<!-- Generated by org.testng.reporters.JUnitReportReporter -->
<testsuite hostname="Bhairavi" failures="0" tests="1" name="com.comcast.crm.ToysModule.OrderCarProductWithCod" time="7.367" errors="0" timestamp="10 Jul 2024 16:01:26 GMT" skipped="0">
  <testcase classname="com.comcast.crm.ToysModule.OrderCarProductWithCod" name="orderCarProductWithCod" time="7.367"/>
</testsuite> <!-- com.comcast.crm.ToysModule.OrderCarProductWithCod -->
