<?xml version="1.0" encoding="UTF-8"?>
<!-- Generated by org.testng.reporters.JUnitReportReporter -->
<testsuite hostname="Bhairavi" failures="0" tests="1" name="com.comcast.crm.FashionModule.AddFashionProductToWishlist" time="3.874" errors="0" timestamp="11 Jul 2024 04:35:53 GMT" skipped="0">
  <testcase classname="com.comcast.crm.FashionModule.AddFashionProductToWishlist" name="addFashionProductToWishlistTest" time="3.874"/>
</testsuite> <!-- com.comcast.crm.FashionModule.AddFashionProductToWishlist -->
