<?xml version="1.0" encoding="UTF-8"?>
<!-- Generated by org.testng.reporters.JUnitReportReporter -->
<testsuite hostname="Bhairavi" failures="0" tests="1" name="com.comcast.crm.TrackFunctionality.TrackOrderDate" time="7.993" errors="0" timestamp="10 Jul 2024 16:17:42 GMT" skipped="0">
  <testcase classname="com.comcast.crm.TrackFunctionality.TrackOrderDate" name="trackOrederDateTest" time="7.993"/>
</testsuite> <!-- com.comcast.crm.TrackFunctionality.TrackOrderDate -->
